2025-06-23 23:05:58,785 - New trade: ETHUSD long, result: 150, tags: test
2025-06-23 23:13:02,868 - New trade: BTCUSD long, result: 200, tags: test
2025-06-23 20:22:12,020 - New trade: ETHUSD long, result: 150, tags: test
2025-06-23 20:44:08,251 - New trade: ETHUSD long, result: -26, tags: test
2025-06-23 20:44:08,482 - New trade: ETHUSD long, result: 16, tags: test
2025-06-23 20:44:08,768 - New trade: ETHUSD long, result: 11, tags: test
2025-06-23 20:44:08,999 - New trade: ETHUSD long, result: -42, tags: test
2025-06-23 20:44:09,239 - New trade: ETHUSD long, result: 40, tags: test
2025-06-23 20:44:09,467 - New trade: ETHUSD long, result: -42, tags: test
2025-06-23 20:44:09,695 - New trade: ETHUSD long, result: 18, tags: test
2025-06-23 20:44:09,935 - New trade: ETHUSD long, result: -39, tags: test
2025-06-23 20:44:10,164 - New trade: ETHUSD long, result: -30, tags: test
2025-06-23 20:44:10,394 - New trade: ETHUSD long, result: 5, tags: test
2025-06-23 20:44:10,622 - New trade: ETHUSD long, result: -14, tags: test
2025-06-23 20:44:10,855 - New trade: ETHUSD long, result: -2, tags: test
2025-06-23 20:44:11,082 - New trade: ETHUSD long, result: 46, tags: test
2025-06-23 20:44:11,313 - New trade: ETHUSD long, result: -25, tags: test
2025-06-23 20:44:11,542 - New trade: ETHUSD long, result: -42, tags: test
2025-06-23 20:44:11,764 - New trade: ETHUSD long, result: -15, tags: test
2025-06-23 20:44:11,992 - New trade: ETHUSD long, result: -30, tags: test
2025-06-23 20:44:12,241 - New trade: ETHUSD long, result: 8, tags: test
2025-06-23 20:44:12,470 - New trade: ETHUSD long, result: -26, tags: test
2025-06-23 20:44:12,699 - New trade: ETHUSD long, result: 26, tags: test
2025-06-23 20:44:12,932 - New trade: ETHUSD long, result: 44, tags: test
2025-06-23 20:44:13,160 - New trade: ETHUSD long, result: 21, tags: test
2025-06-23 20:44:13,393 - New trade: ETHUSD long, result: 14, tags: test
2025-06-23 20:44:13,622 - New trade: ETHUSD long, result: 35, tags: test
2025-06-23 20:44:13,853 - New trade: ETHUSD long, result: -42, tags: test
2025-06-23 20:44:14,094 - New trade: ETHUSD long, result: -28, tags: test
2025-06-23 20:44:14,323 - New trade: ETHUSD long, result: -44, tags: test
2025-06-23 20:44:14,552 - New trade: ETHUSD long, result: 37, tags: test
2025-06-23 20:44:14,794 - New trade: ETHUSD long, result: 10, tags: test
2025-06-23 20:44:15,022 - New trade: ETHUSD long, result: -31, tags: test
2025-06-23 20:44:41,593 - New trade: BTCUSD short, result: 30, tags: test
2025-06-23 20:44:41,607 - New trade: ETHUSD long, result: -10, tags: strategy1
2025-06-23 20:44:41,628 - New trade: XRPUSD long, result: 15, tags: scalp
2025-06-23 20:47:58,641 - New trade: ETHUSD long, result: 150, tags: demo
